=== puma startup: 2020-04-23 09:35:47 +0000 ===
[1411] * Starting control server on unix:///tmp/puma-status-1587634547824-1411
[1411] - Gracefully shutting down workers...
[3104] Early termination of worker
[3106] Early termination of worker
=== puma startup: 2020-04-23 09:38:41 +0000 ===
[1393] * Starting control server on unix:///tmp/puma-status-1587634721216-1393
[1393] - Gracefully shutting down workers...
[3498] Early termination of worker
[3502] Early termination of worker
=== puma startup: 2020-04-23 09:42:07 +0000 ===
[1379] * Starting control server on unix:///tmp/puma-status-1587634927171-1379
[1379] - Gracefully shutting down workers...
[7508] Early termination of worker
[7506] Early termination of worker
=== puma startup: 2020-04-23 10:11:42 +0000 ===
[1371] * Starting control server on unix:///tmp/puma-status-1587636702858-1371
[1371] - Gracefully shutting down workers...
[6226] Early termination of worker
[6224] Early termination of worker
=== puma startup: 2020-04-23 10:21:37 +0000 ===
[1374] * Starting control server on unix:///tmp/puma-status-1587637297109-1374
[1374] - Worker 0 (pid: 1848) booted, phase: 0
[1374] - Worker 1 (pid: 1852) booted, phase: 0
[1374] - Gracefully shutting down workers...
=== puma startup: 2020-04-23 10:32:50 +0000 ===
[1378] * Starting control server on unix:///tmp/puma-status-1587637970343-1378
[1378] - Gracefully shutting down workers...
[1865] Early termination of worker
[1860] Early termination of worker
=== puma startup: 2020-04-23 10:40:32 +0000 ===
[1377] * Starting control server on unix:///tmp/puma-status-1587638432881-1377
[1377] - Worker 0 (pid: 1849) booted, phase: 0
[1377] - Worker 1 (pid: 1853) booted, phase: 0
[1377] - Gracefully shutting down workers...
=== puma startup: 2020-04-23 11:00:20 +0000 ===
[1382] * Starting control server on unix:///tmp/puma-status-1587639620947-1382
[1382] - Worker 1 (pid: 1862) booted, phase: 0
[1382] - Worker 0 (pid: 1858) booted, phase: 0
[1382] - Gracefully shutting down workers...
[2698] Early termination of worker
[2707] Early termination of worker
=== puma startup: 2020-04-23 11:39:20 +0000 ===
[1376] * Starting control server on unix:///tmp/puma-status-1587641960271-1376
[1376] - Worker 1 (pid: 1851) booted, phase: 0
[1376] - Worker 0 (pid: 1847) booted, phase: 0
[1376] - Gracefully shutting down workers...
[3033] Early termination of worker
[3031] Early termination of worker
=== puma startup: 2020-04-23 12:52:54 +0000 ===
[3050] * Starting control server on unix:///tmp/puma-status-1587646374295-3050
[3050] - Worker 1 (pid: 3068) booted, phase: 0
[3050] - Worker 0 (pid: 3064) booted, phase: 0
[3050] - Gracefully shutting down workers...
[3050] === puma shutdown: 2020-04-23 12:53:23 +0000 ===
[3050] - Goodbye!
Exiting
=== puma startup: 2020-04-23 12:54:03 +0000 ===
[3094] * Starting control server on unix:///tmp/puma-status-1587646443632-3094
[3094] - Worker 1 (pid: 3112) booted, phase: 0
[3094] - Worker 0 (pid: 3108) booted, phase: 0
Started GET "/" for 157.50.8.33 at 2020-04-23 12:54:25 +0000
Processing by Rails::WelcomeController#index as HTML
  Rendering /home/ubuntu/.rvm/gems/ruby-2.5.0/gems/railties-5.1.7/lib/rails/templates/rails/welcome/index.html.erb
  Rendered /home/ubuntu/.rvm/gems/ruby-2.5.0/gems/railties-5.1.7/lib/rails/templates/rails/welcome/index.html.erb (2.9ms)
Completed 200 OK in 9ms (Views: 7.4ms | MongoDB: 0.0ms)


Started GET "/" for 157.50.8.33 at 2020-04-23 12:54:29 +0000
Processing by Rails::WelcomeController#index as HTML
  Rendering /home/ubuntu/.rvm/gems/ruby-2.5.0/gems/railties-5.1.7/lib/rails/templates/rails/welcome/index.html.erb
  Rendered /home/ubuntu/.rvm/gems/ruby-2.5.0/gems/railties-5.1.7/lib/rails/templates/rails/welcome/index.html.erb (1.7ms)
Completed 200 OK in 5ms (Views: 3.2ms | MongoDB: 0.0ms)


Started GET "/" for 157.50.8.33 at 2020-04-23 12:54:35 +0000
Processing by Rails::WelcomeController#index as HTML
  Rendering /home/ubuntu/.rvm/gems/ruby-2.5.0/gems/railties-5.1.7/lib/rails/templates/rails/welcome/index.html.erb
  Rendered /home/ubuntu/.rvm/gems/ruby-2.5.0/gems/railties-5.1.7/lib/rails/templates/rails/welcome/index.html.erb (2.6ms)
Completed 200 OK in 4ms (Views: 3.3ms | MongoDB: 0.0ms)


[3094] - Gracefully shutting down workers...
[3094] === puma shutdown: 2020-04-23 12:54:39 +0000 ===
[3094] - Goodbye!
Exiting
=== puma startup: 2020-04-23 12:54:48 +0000 ===
[3134] * Starting control server on unix:///tmp/puma-status-1587646488386-3134
[3134] - Worker 0 (pid: 3148) booted, phase: 0
[3134] - Worker 1 (pid: 3155) booted, phase: 0
Started GET "/" for 157.50.8.33 at 2020-04-23 12:54:53 +0000
Processing by Rails::WelcomeController#index as HTML
  Rendering /home/ubuntu/.rvm/gems/ruby-2.5.0/gems/railties-5.1.7/lib/rails/templates/rails/welcome/index.html.erb
  Rendered /home/ubuntu/.rvm/gems/ruby-2.5.0/gems/railties-5.1.7/lib/rails/templates/rails/welcome/index.html.erb (2.8ms)
Completed 200 OK in 8ms (Views: 7.2ms | MongoDB: 0.0ms)


Started POST "/api/v1/user_signup" for 157.50.8.33 at 2020-04-23 12:55:04 +0000
Overwriting existing field deleted_at in class User.
Processing by Api::V1::UsersController#user_signup as JSON
  Parameters: {"first_name"=>"Uma", "last_name"=>"Rajendran", "email"=>"umaraj@gmail.com", "password"=>"[FILTERED]", "phone_no"=>"9965651176", "user"=>{"first_name"=>"Uma", "last_name"=>"Rajendran", "email"=>"umaraj@gmail.com", "password"=>"[FILTERED]", "phone_no"=>"9965651176"}}
MONGODB | EVENT: #<TopologyOpening topology=Unknown[]>
MONGODB | Topology type 'unknown' initializing.
MONGODB | EVENT: #<TopologyChanged prev=Unknown[] new=Unknown[27.100.25.50:27017]>
MONGODB | Topology type 'Unknown' changed to type 'Unknown'.
MONGODB | EVENT: #<ServerOpening address=27.100.25.50:27017 topology=Unknown[27.100.25.50:27017]>
MONGODB | Server 27.100.25.50:27017 initializing.
MONGODB | Waiting for up to 30.00 seconds for servers to be scanned: #<Cluster topology=Unknown[27.100.25.50:27017] servers=[#<Server address=27.100.25.50:27017 UNKNOWN>]>
MONGODB | EVENT: #<ServerDescriptionChanged address=27.100.25.50:27017 topology=Single[27.100.25.50:27017] prev=#<Mongo::Server:Description:0x70265969131180 config={} average_round_trip_time=> new=#<Mongo::Server:Description:0x70265899863880 config={"ismaster"=>true, "maxBsonObjectSize"=>16777216, "maxMessageSizeBytes"=>48000000, "maxWriteBatchSize"=>1000, "localTime"=>2020-04-23 12:55:04 UTC, "maxWireVersion"=>5, "minWireVersion"=>0, "readOnly"=>false, "ok"=>1.0} average_round_trip_time=0.114820309>>
MONGODB | Server description for 27.100.25.50:27017 changed from 'unknown' to 'standalone'.
MONGODB | EVENT: #<TopologyChanged prev=Unknown[27.100.25.50:27017] new=Single[27.100.25.50:27017]>
MONGODB | Topology type 'Unknown' changed to type 'Single'.
MONGODB | [7] 27.100.25.50:27017 #1 | MTLINKi.saslStart | STARTED | {}
MONGODB | [7] 27.100.25.50:27017 | MTLINKi.saslStart | SUCCEEDED | 0.039s
MONGODB | [8] 27.100.25.50:27017 #1 | MTLINKi.saslContinue | STARTED | {}
MONGODB | [8] 27.100.25.50:27017 | MTLINKi.saslContinue | SUCCEEDED | 0.036s
MONGODB | [9] 27.100.25.50:27017 #1 | MTLINKi.saslContinue | STARTED | {}
MONGODB | [9] 27.100.25.50:27017 | MTLINKi.saslContinue | SUCCEEDED | 0.036s
MONGODB | [10] 27.100.25.50:27017 #1 | MTLINKi.find | STARTED | {"find"=>"user", "filter"=>{"email"=>"umaraj@gmail.com"}, "projection"=>{"_id"=>1}, "limit"=>1, "$db"=>"MTLINKi"}
MONGODB | [10] 27.100.25.50:27017 | MTLINKi.find | SUCCEEDED | 0.038s
MONGODB | [11] 27.100.25.50:27017 #1 | MTLINKi.find | STARTED | {"find"=>"user", "filter"=>{"phone_no"=>"9965651176"}, "projection"=>{"_id"=>1}, "limit"=>1, "$db"=>"MTLINKi"}
MONGODB | [11] 27.100.25.50:27017 | MTLINKi.find | SUCCEEDED | 0.038s
Completed 200 OK in 404ms (Views: 0.3ms | MongoDB: 0.2ms)


Started POST "/api/v1/user_signup" for 157.50.8.33 at 2020-04-23 12:55:32 +0000
Processing by Api::V1::UsersController#user_signup as JSON
  Parameters: {"first_name"=>"Uma", "last_name"=>"Rajendran", "email"=>"umaraj@gmail1.com", "password"=>"[FILTERED]", "phone_no"=>"9965651173", "user"=>{"first_name"=>"Uma", "last_name"=>"Rajendran", "email"=>"umaraj@gmail1.com", "password"=>"[FILTERED]", "phone_no"=>"9965651173"}}
MONGODB | [12] 27.100.25.50:27017 #1 | MTLINKi.find | STARTED | {"find"=>"user", "filter"=>{"email"=>"umaraj@gmail1.com"}, "projection"=>{"_id"=>1}, "limit"=>1, "$db"=>"MTLINKi"}
MONGODB | [12] 27.100.25.50:27017 | MTLINKi.find | SUCCEEDED | 0.037s
MONGODB | [13] 27.100.25.50:27017 #1 | MTLINKi.find | STARTED | {"find"=>"user", "filter"=>{"phone_no"=>"9965651173"}, "projection"=>{"_id"=>1}, "limit"=>1, "$db"=>"MTLINKi"}
MONGODB | [13] 27.100.25.50:27017 | MTLINKi.find | SUCCEEDED | 0.038s
MONGODB | [14] 27.100.25.50:27017 #1 | MTLINKi.insert | STARTED | {"insert"=>"user", "documents"=>[{"_id"=>BSON::ObjectId('5ea19045a9ae120c4c3158da'), "deleted_at"=>nil, "first_name"=>"Uma", "last_name"=>"Rajendran", "email"=>"umaraj@gmail1.com", "password"=>"$2a$12$Ij/pYaFor9nnlwTZYOcDruYYkke3RoWyf5GInkODabDYwg5UpP...
MONGODB | [14] 27.100.25.50:27017 | MTLINKi.insert | SUCCEEDED | 0.036s
Completed 200 OK in 411ms (Views: 0.6ms | MongoDB: 0.1ms)


[3134] - Gracefully shutting down workers...
[3134] === puma shutdown: 2020-04-23 12:55:40 +0000 ===
[3134] - Goodbye!
Exiting
=== puma startup: 2020-04-23 12:56:39 +0000 ===
[3279] * Starting control server on unix:///tmp/puma-status-1587646599465-3279
[3279] - Worker 0 (pid: 3293) booted, phase: 0
[3279] - Worker 1 (pid: 3301) booted, phase: 0
[3279] - Gracefully shutting down workers...
[3279] === puma shutdown: 2020-04-23 12:56:42 +0000 ===
[3279] - Goodbye!
Exiting
=== puma startup: 2020-04-23 12:56:56 +0000 ===
[3322] * Starting control server on unix:///tmp/puma-status-1587646616841-3322
[3322] - Worker 0 (pid: 3402) booted, phase: 0
[3322] - Worker 1 (pid: 3406) booted, phase: 0
[3322] - Gracefully shutting down workers...
[3979] Early termination of worker
[3969] Early termination of worker
=== puma startup: 2020-04-23 14:40:26 +0000 ===
[1372] * Starting control server on unix:///tmp/puma-status-1587652826498-1372
[1372] - Worker 0 (pid: 1922) booted, phase: 0
[1372] - Worker 1 (pid: 1926) booted, phase: 0
[1372] - Gracefully shutting down workers...
=== puma startup: 2020-04-23 15:02:02 +0000 ===
[1374] * Starting control server on unix:///tmp/puma-status-1587654122113-1374
[1374] - Worker 0 (pid: 1934) booted, phase: 0
[1374] - Worker 1 (pid: 1938) booted, phase: 0
=== puma startup: 2020-06-04 16:20:25 +0530 ===
[1408] * Starting control server on unix:///tmp/puma-status-1591267825921-1408
[1408] - Worker 1 (pid: 1939) booted, phase: 0
[1408] - Worker 0 (pid: 1935) booted, phase: 0
[1408] - Gracefully shutting down workers...
=== puma startup: 2020-06-06 13:39:24 +0530 ===
[1431] * Starting control server on unix:///tmp/puma-status-1591430964993-1431
[1431] - Worker 0 (pid: 1951) booted, phase: 0
[1431] - Worker 1 (pid: 1955) booted, phase: 0
[1431] - Gracefully shutting down workers...
=== puma startup: 2020-06-06 13:45:07 +0530 ===
[1415] * Starting control server on unix:///tmp/puma-status-1591431307738-1415
[1415] - Worker 1 (pid: 1942) booted, phase: 0
[1415] - Worker 0 (pid: 1938) booted, phase: 0
[1415] - Gracefully shutting down workers...
=== puma startup: 2020-06-06 13:56:25 +0530 ===
[1415] * Starting control server on unix:///tmp/puma-status-1591431985904-1415
[1415] - Worker 0 (pid: 1932) booted, phase: 0
[1415] - Worker 1 (pid: 1936) booted, phase: 0
[1415] - Gracefully shutting down workers...
[6463] Early termination of worker
[6465] Early termination of worker
=== puma startup: 2020-06-06 14:02:16 +0530 ===
[6493] * Starting control server on unix:///tmp/puma-status-1591432336777-6493
[6493] - Worker 1 (pid: 6645) booted, phase: 0
[6493] - Worker 0 (pid: 6641) booted, phase: 0
[6493] - Gracefully shutting down workers...
=== puma startup: 2020-06-06 14:36:39 +0530 ===
[24746] * Starting control server on unix:///tmp/puma-status-1591434399280-24746
[24746] - Worker 1 (pid: 24898) booted, phase: 0
[24746] - Worker 0 (pid: 24894) booted, phase: 0
[24746] - Gracefully shutting down workers...
=== puma startup: 2020-06-06 14:39:22 +0530 ===
[26618] * Starting control server on unix:///tmp/puma-status-1591434562046-26618
[26618] - Worker 0 (pid: 26766) booted, phase: 0
[26618] - Worker 1 (pid: 26770) booted, phase: 0
[26618] - Gracefully shutting down workers...
=== puma startup: 2020-06-06 14:45:35 +0530 ===
[31701] * Starting control server on unix:///tmp/puma-status-1591434935571-31701
[31701] - Worker 0 (pid: 31849) booted, phase: 0
[31701] - Worker 1 (pid: 31853) booted, phase: 0
[31701] - Gracefully shutting down workers...
=== puma startup: 2020-06-06 14:59:45 +0530 ===
[1398] * Starting control server on unix:///tmp/puma-status-1591435785170-1398
[1398] - Worker 1 (pid: 1951) booted, phase: 0
[1398] - Worker 0 (pid: 1947) booted, phase: 0
[1398] - Gracefully shutting down workers...
=== puma startup: 2020-06-06 15:08:00 +0530 ===
[7864] * Starting control server on unix:///tmp/puma-status-1591436280851-7864
[7864] - Worker 0 (pid: 8012) booted, phase: 0
[7864] - Worker 1 (pid: 8016) booted, phase: 0
[7864] - Gracefully shutting down workers...
=== puma startup: 2020-06-09 12:17:42 +0530 ===
[1410] * Starting control server on unix:///tmp/puma-status-1591685262922-1410
[1410] - Worker 0 (pid: 1926) booted, phase: 0
[1410] - Worker 1 (pid: 1930) booted, phase: 0
[1410] - Gracefully shutting down workers...
[30300] Early termination of worker
[30302] Early termination of worker
=== puma startup: 2020-06-22 23:10:23 +0530 ===
[1408] * Starting control server on unix:///tmp/puma-status-1592847623231-1408
[1408] - Worker 0 (pid: 1928) booted, phase: 0
[1408] - Worker 1 (pid: 1932) booted, phase: 0
[1408] - Gracefully shutting down workers...
=== puma startup: 2020-06-24 19:40:23 +0530 ===
[1398] * Starting control server on unix:///tmp/puma-status-1593007823948-1398
[1398] - Worker 0 (pid: 1919) booted, phase: 0
[1398] - Worker 1 (pid: 1923) booted, phase: 0
[1398] - Gracefully shutting down workers...
=== puma startup: 2020-06-25 22:01:20 +0530 ===
[1397] * Starting control server on unix:///tmp/puma-status-1593102680696-1397
[1397] - Worker 1 (pid: 1923) booted, phase: 0
[1397] - Worker 0 (pid: 1919) booted, phase: 0
[1397] - Worker 0 (pid: 23858) booted, phase: 0
[1397] - Gracefully shutting down workers...
=== puma startup: 2020-07-05 19:01:42 +0530 ===
=== puma startup: 2020-07-05 19:01:44 +0530 ===
=== puma startup: 2020-07-05 19:01:45 +0530 ===
[2166] * Starting control server on unix:///tmp/puma-status-1593955905925-2166
[2166] - Worker 0 (pid: 2333) booted, phase: 0
[2166] - Worker 1 (pid: 2337) booted, phase: 0
[2166] - Gracefully shutting down workers...
=== puma startup: 2020-07-07 14:57:15 +0530 ===
[1398] * Starting control server on unix:///tmp/puma-status-1594114035078-1398
[1398] - Worker 0 (pid: 1945) booted, phase: 0
[1398] - Worker 1 (pid: 1949) booted, phase: 0
[1398] - Worker 1 (pid: 5777) booted, phase: 0
[1398] - Worker 0 (pid: 1242) booted, phase: 0
[1398] - Gracefully shutting down workers...
=== puma startup: 2020-08-05 08:59:08 +0530 ===
=== puma startup: 2020-08-05 08:59:10 +0530 ===
=== puma startup: 2020-08-05 08:59:12 +0530 ===
[2153] * Starting control server on unix:///tmp/puma-status-1596598152062-2153
[2153] - Worker 0 (pid: 2320) booted, phase: 0
[2153] - Worker 1 (pid: 2324) booted, phase: 0
[2153] - Gracefully shutting down workers...
=== puma startup: 2020-08-05 17:14:05 +0530 ===
[1408] * Starting control server on unix:///tmp/puma-status-1596627845983-1408
[1408] - Worker 0 (pid: 1929) booted, phase: 0
[1408] - Worker 1 (pid: 1933) booted, phase: 0
[1408] - Gracefully shutting down workers...
=== puma startup: 2020-09-01 20:32:42 +0530 ===
=== puma startup: 2020-09-01 20:32:44 +0530 ===
=== puma startup: 2020-09-01 20:32:46 +0530 ===
[2233] * Starting control server on unix:///tmp/puma-status-1598972566693-2233
[2233] - Worker 0 (pid: 2474) booted, phase: 0
[2233] - Worker 1 (pid: 2478) booted, phase: 0
[2233] - Gracefully shutting down workers...
[6007] Early termination of worker
=== puma startup: 2020-09-02 12:40:07 +0530 ===
[1418] * Starting control server on unix:///tmp/puma-status-1599030607052-1418
[1418] - Worker 1 (pid: 1944) booted, phase: 0
[1418] - Worker 0 (pid: 1942) booted, phase: 0
[1418] - Gracefully shutting down workers...
=== puma startup: 2020-09-02 14:10:18 +0530 ===
[1413] * Starting control server on unix:///tmp/puma-status-1599036018766-1413
[1413] - Worker 1 (pid: 1937) booted, phase: 0
[1413] - Worker 0 (pid: 1933) booted, phase: 0
[1413] - Gracefully shutting down workers...
=== puma startup: 2020-09-24 23:40:48 +0530 ===
=== puma startup: 2020-09-24 23:40:49 +0530 ===
[1977] * Starting control server on unix:///tmp/puma-status-1600971049794-1977
[1977] - Worker 0 (pid: 2184) booted, phase: 0
[1977] - Worker 1 (pid: 2188) booted, phase: 0
[1977] - Gracefully shutting down workers...
=== puma startup: 2020-09-28 10:42:56 +0530 ===
=== puma startup: 2020-09-28 10:42:57 +0530 ===
=== puma startup: 2020-09-28 10:42:59 +0530 ===
=== puma startup: 2020-09-28 10:43:00 +0530 ===
=== puma startup: 2020-09-28 12:32:43 +0530 ===
[1410] * Starting control server on unix:///tmp/puma-status-1601276563765-1410
[1410] - Worker 1 (pid: 1932) booted, phase: 0
[1410] - Worker 0 (pid: 1928) booted, phase: 0

[49, 58] in /home/ubuntu/mtlinki/app/controllers/api/v1/users_controller.rb
   49:       end
   50: 
   51:       # DELETE /operators/1
   52:       def destroy
   53:         byebug
=> 54:         @user.destroy
   55:         render json: "ok"
   56:       end
   57: 
   58: 
(byebug) [1410] - Gracefully shutting down workers...
=== puma startup: 2020-09-29 13:38:13 +0530 ===
[1433] * Starting control server on unix:///tmp/puma-status-1601366893551-1433
[1433] - Worker 0 (pid: 1951) booted, phase: 0
[1433] - Worker 1 (pid: 1955) booted, phase: 0
[1433] - Gracefully shutting down workers...
=== puma startup: 2020-10-20 15:21:35 +0530 ===
=== puma startup: 2020-10-20 15:21:37 +0530 ===
[1971] * Starting control server on unix:///tmp/puma-status-1603187497630-1971
[1971] - Worker 0 (pid: 2178) booted, phase: 0
[1971] - Worker 1 (pid: 2182) booted, phase: 0
[1971] - Gracefully shutting down workers...
=== puma startup: 2020-10-20 18:45:25 +0530 ===
[1417] * Starting control server on unix:///tmp/puma-status-1603199725897-1417
[1417] - Worker 1 (pid: 1944) booted, phase: 0
[1417] - Worker 0 (pid: 1940) booted, phase: 0
